<?xml version="1.0" encoding="UTF-8"?>
<!-- Generated by org.testng.reporters.JUnitReportReporter -->
<testsuite hostname="priyanka" failures="0" tests="3" name="BeforeTestAndAfterTest.Class1" time="0.041" errors="0" timestamp="2022-09-21T09:07:56 IST" skipped="0">
  <testcase classname="BeforeTestAndAfterTest.Class1" name="m1" time="0.021"/>
  <system-out/>
  <testcase classname="BeforeTestAndAfterTest.Class1" name="m2" time="0.011"/>
  <system-out/>
  <testcase classname="BeforeTestAndAfterTest.Class1" name="m3" time="0.009"/>
  <system-out/>
</testsuite> <!-- BeforeTestAndAfterTest.Class1 -->
