<?xml version="1.0" encoding="UTF-8"?>
<!-- Generated by org.testng.reporters.JUnitReportReporter -->
<testsuite hostname="priyanka" failures="0" tests="3" name="BeforeSuiteAndAfterSuite.Class2" time="0.021" errors="0" timestamp="2022-09-22T15:17:55 IST" skipped="0">
  <testcase classname="BeforeSuiteAndAfterSuite.Class2" name="m6" time="0.005"/>
  <system-out/>
  <testcase classname="BeforeSuiteAndAfterSuite.Class2" name="m4" time="0.008"/>
  <system-out/>
  <testcase classname="BeforeSuiteAndAfterSuite.Class2" name="m5" time="0.008"/>
  <system-out/>
</testsuite> <!-- BeforeSuiteAndAfterSuite.Class2 -->
