<?xml version="1.0" encoding="UTF-8"?>
<!-- Generated by org.testng.reporters.JUnitReportReporter -->
<testsuite hostname="priyanka" failures="0" tests="3" name="TestNGBasics.BeforeClassAfterClass" time="0.030" errors="0" timestamp="2022-09-20T15:37:27 IST" skipped="0">
  <testcase classname="TestNGBasics.BeforeClassAfterClass" name="loginpage" time="0.021"/>
  <system-out>
    <![CDATA[checking the loginpage]]>
  </system-out>
  <testcase classname="TestNGBasics.BeforeClassAfterClass" name="notificationpage" time="0.005"/>
  <system-out>
    <![CDATA[checking the notificationpage]]>
  </system-out>
  <testcase classname="TestNGBasics.BeforeClassAfterClass" name="homepage" time="0.004"/>
  <system-out>
    <![CDATA[checking the homepage]]>
  </system-out>
</testsuite> <!-- TestNGBasics.BeforeClassAfterClass -->
