<?xml version="1.0" encoding="UTF-8"?>
<!-- Generated by org.testng.reporters.JUnitReportReporter -->
<testsuite hostname="priyanka" failures="0" tests="3" name="TestNGBasics.BeforeMethodAfterMethod" time="0.079" errors="0" timestamp="2022-09-20T15:38:30 IST" skipped="0">
  <testcase classname="TestNGBasics.BeforeMethodAfterMethod" name="loginpage" time="0.035"/>
  <system-out>
    <![CDATA[checking the loginpage]]>
  </system-out>
  <testcase classname="TestNGBasics.BeforeMethodAfterMethod" name="notificationpage" time="0.033"/>
  <system-out>
    <![CDATA[checking the notificationpage]]>
  </system-out>
  <testcase classname="TestNGBasics.BeforeMethodAfterMethod" name="homepage" time="0.011"/>
  <system-out>
    <![CDATA[checking the homepage]]>
  </system-out>
</testsuite> <!-- TestNGBasics.BeforeMethodAfterMethod -->
