<?xml version="1.0" encoding="UTF-8"?>
<!-- Generated by org.testng.reporters.JUnitReportReporter -->
<testsuite hostname="priyanka" failures="0" tests="1" name="TestNGBasics.SoftAssert" time="0.020" errors="0" timestamp="2022-09-27T11:50:25 IST" skipped="0">
  <testcase classname="TestNGBasics.SoftAssert" name="Test1" time="0.020"/>
  <system-out/>
</testsuite> <!-- TestNGBasics.SoftAssert -->
