<?xml version="1.0" encoding="UTF-8"?>
<!-- Generated by org.testng.reporters.JUnitReportReporter -->
<testsuite hostname="priyanka" failures="0" tests="1" name="POM.RegistationTest" time="9.644" errors="0" timestamp="2022-09-30T20:12:56 IST" skipped="0">
  <testcase classname="POM.RegistationTest" name="FacebookRegistrationPageTest_positive" time="9.644"/>
  <system-out/>
</testsuite> <!-- POM.RegistationTest -->
