<?xml version="1.0" encoding="UTF-8"?>
<!-- Generated by org.testng.reporters.JUnitReportReporter -->
<testsuite hostname="priyanka" failures="0" tests="3" name="GroupingPractice.TestCase3" time="0.044" errors="0" timestamp="2022-09-23T19:33:27 IST" skipped="0">
  <testcase classname="GroupingPractice.TestCase3" name="Test8" time="0.009"/>
  <system-out/>
  <testcase classname="GroupingPractice.TestCase3" name="Test9" time="0.023"/>
  <system-out/>
  <testcase classname="GroupingPractice.TestCase3" name="Test7" time="0.012"/>
  <system-out/>
</testsuite> <!-- GroupingPractice.TestCase3 -->
