<?xml version="1.0" encoding="UTF-8"?>
<!-- Generated by org.testng.reporters.JUnitReportReporter -->
<testsuite hostname="priyanka" failures="0" tests="3" name="BeforeTestAndAfterTest.Class2" time="0.034" errors="0" timestamp="2022-09-21T09:07:56 IST" skipped="0">
  <testcase classname="BeforeTestAndAfterTest.Class2" name="m5" time="0.014"/>
  <system-out/>
  <testcase classname="BeforeTestAndAfterTest.Class2" name="m6" time="0.014"/>
  <system-out/>
  <testcase classname="BeforeTestAndAfterTest.Class2" name="m4" time="0.006"/>
  <system-out/>
</testsuite> <!-- BeforeTestAndAfterTest.Class2 -->
