<?xml version="1.0" encoding="UTF-8"?>
<!-- Generated by org.testng.reporters.JUnitReportReporter -->
<testsuite hostname="priyanka" failures="0" tests="3" name="TestNGBasics.TestAnnotations" time="0.029" errors="0" timestamp="2022-09-19T21:03:52 IST" skipped="0">
  <testcase classname="TestNGBasics.TestAnnotations" name="login" time="0.021"/>
  <system-out/>
  <testcase classname="TestNGBasics.TestAnnotations" name="logout" time="0.003"/>
  <system-out/>
  <testcase classname="TestNGBasics.TestAnnotations" name="openurl" time="0.005"/>
  <system-out/>
</testsuite> <!-- TestNGBasics.TestAnnotations -->
