<?xml version="1.0" encoding="UTF-8"?>
<!-- Generated by org.testng.reporters.JUnitReportReporter -->
<testsuite hostname="priyanka" failures="0" tests="3" name="Keywords.EnabledKeyword" time="0.024" errors="0" timestamp="2022-09-22T15:26:06 IST" skipped="1">
  <testcase classname="Keywords.EnabledKeyword" name="Homepage" time="0.018"/>
  <system-out/>
  <testcase classname="Keywords.EnabledKeyword" name="Settingepage" time="0.006"/>
  <system-out/>
  <testcase classname="Keywords.EnabledKeyword" name="Notificationpage">
    <skipped/>
  </testcase> <!-- Notificationpage -->
  <system-out/>
</testsuite> <!-- Keywords.EnabledKeyword -->
