<?xml version="1.0" encoding="UTF-8"?>
<!-- Generated by org.testng.reporters.JUnitReportReporter -->
<testsuite hostname="priyanka" failures="0" tests="5" name="Keywords.InvocationCountWithThreadPoolSize" time="558.485" errors="0" timestamp="2022-09-22T15:39:11 IST" skipped="0">
  <testcase classname="Keywords.InvocationCountWithThreadPoolSize" name="openBrowser" time="111.217"/>
  <system-out/>
  <testcase classname="Keywords.InvocationCountWithThreadPoolSize" name="openBrowser" time="111.570"/>
  <system-out/>
  <testcase classname="Keywords.InvocationCountWithThreadPoolSize" name="openBrowser" time="112.244"/>
  <system-out/>
  <testcase classname="Keywords.InvocationCountWithThreadPoolSize" name="openBrowser" time="112.241"/>
  <system-out/>
  <testcase classname="Keywords.InvocationCountWithThreadPoolSize" name="openBrowser" time="111.213"/>
  <system-out/>
</testsuite> <!-- Keywords.InvocationCountWithThreadPoolSize -->
