<?xml version="1.0" encoding="UTF-8"?>
<!-- Generated by org.testng.reporters.JUnitReportReporter -->
<testsuite hostname="priyanka" failures="0" tests="6" name="Keywords.InvocationCount" time="0.090" errors="0" timestamp="2022-09-22T15:23:53 IST" skipped="0">
  <testcase classname="Keywords.InvocationCount" name="Homepage" time="0.029"/>
  <system-out/>
  <testcase classname="Keywords.InvocationCount" name="Notificationpage" time="0.013"/>
  <system-out/>
  <testcase classname="Keywords.InvocationCount" name="Notificationpage" time="0.010"/>
  <system-out/>
  <testcase classname="Keywords.InvocationCount" name="Notificationpage" time="0.010"/>
  <system-out/>
  <testcase classname="Keywords.InvocationCount" name="Notificationpage" time="0.016"/>
  <system-out/>
  <testcase classname="Keywords.InvocationCount" name="Notificationpage" time="0.012"/>
  <system-out/>
</testsuite> <!-- Keywords.InvocationCount -->
