<?xml version="1.0" encoding="UTF-8"?>
<!-- Generated by org.testng.reporters.JUnitReportReporter -->
<testsuite hostname="priyanka" failures="0" tests="3" name="BeforeSuiteAndAfterSuite.Class1" time="0.044" errors="0" timestamp="2022-09-22T15:17:55 IST" skipped="0">
  <testcase classname="BeforeSuiteAndAfterSuite.Class1" name="m2" time="0.009"/>
  <system-out/>
  <testcase classname="BeforeSuiteAndAfterSuite.Class1" name="m3" time="0.016"/>
  <system-out/>
  <testcase classname="BeforeSuiteAndAfterSuite.Class1" name="m1" time="0.019"/>
  <system-out/>
</testsuite> <!-- BeforeSuiteAndAfterSuite.Class1 -->
