<?xml version="1.0" encoding="UTF-8"?>
<!-- Generated by org.testng.reporters.JUnitReportReporter -->
<testsuite hostname="priyanka" failures="0" tests="3" name="GroupingPractice.TestCase2" time="0.026" errors="0" timestamp="2022-09-23T19:33:27 IST" skipped="0">
  <testcase classname="GroupingPractice.TestCase2" name="Test4" time="0.008"/>
  <system-out/>
  <testcase classname="GroupingPractice.TestCase2" name="Test5" time="0.007"/>
  <system-out/>
  <testcase classname="GroupingPractice.TestCase2" name="Test6" time="0.011"/>
  <system-out/>
</testsuite> <!-- GroupingPractice.TestCase2 -->
