<?xml version="1.0" encoding="UTF-8"?>
<!-- Generated by org.testng.reporters.JUnitReportReporter -->
<testsuite hostname="priyanka" failures="0" tests="1" name="POM.LoginTest" time="5.997" errors="0" timestamp="2022-10-01T13:23:29 IST" skipped="0">
  <testcase classname="POM.LoginTest" name="FacebookLoginPageTest" time="5.997"/>
  <system-out>
    <![CDATA[VerifyFacebookLoginPageLogo
VerifyFacebookLoginPageTagline
VerifyFacebookLoginPageCreateNewAccountBtn
VerifyFacebookLoginPageForgotPasswordLink
VerifyFacebookLoginPageFooterlinksSize
SetFacebookLoginPageUsername
SetFacebookLoginPagePassword
ClickFacebookLoginPageLoginBtn]]>
  </system-out>
</testsuite> <!-- POM.LoginTest -->
